SF:lib\shared\models\infra\establishment_model.dart
DA:12,1
DA:19,1
DA:22,1
DA:23,2
DA:24,2
DA:26,4
DA:27,1
DA:29,2
DA:30,1
DA:34,1
DA:35,1
DA:36,1
DA:37,1
DA:38,1
DA:39,2
DA:43,1
DA:44,1
DA:45,1
DA:46,1
DA:47,1
DA:48,1
DA:52,0
DA:54,0
DA:57,1
DA:63,1
DA:64,1
DA:65,1
DA:66,1
DA:67,1
DA:71,1
DA:74,1
DA:75,3
DA:76,3
DA:77,3
DA:78,3
DA:81,0
DA:83,0
LF:37
LH:33
end_of_record
SF:lib\shared\models\infra\locality_model.dart
DA:12,3
DA:19,3
DA:22,3
DA:23,3
DA:24,3
DA:25,6
DA:26,6
DA:27,6
DA:28,6
DA:29,6
DA:34,3
DA:35,3
DA:36,3
DA:37,3
DA:38,3
DA:39,3
DA:40,3
DA:44,2
DA:45,2
DA:46,2
DA:47,2
DA:48,2
DA:49,2
DA:50,2
DA:54,0
DA:56,0
DA:59,2
DA:63,2
DA:64,6
DA:65,6
DA:66,6
DA:67,6
DA:68,6
DA:71,0
DA:73,0
DA:74,0
DA:75,0
DA:76,0
DA:77,0
DA:80,1
DA:87,1
DA:88,1
DA:89,1
DA:90,1
DA:91,1
DA:92,1
LF:46
LH:38
end_of_record
SF:lib\shared\repositories\database\database_manager.dart
DA:9,0
DA:10,0
DA:13,0
DA:16,0
DA:17,0
DA:20,0
DA:21,0
DA:22,0
DA:26,0
DA:27,0
DA:28,0
DA:30,0
DA:34,0
DA:37,0
DA:40,0
DA:41,0
DA:42,0
DA:43,0
DA:45,0
DA:46,0
DA:47,0
DA:51,0
DA:54,0
LF:23
LH:0
end_of_record
SF:lib\shared\repositories\database\infra\database_establishment_repository.dart
DA:13,2
DA:16,1
DA:17,3
DA:23,1
DA:24,2
DA:30,1
DA:32,2
DA:34,3
DA:36,1
DA:38,1
DA:46,1
DA:47,2
DA:48,2
DA:54,1
DA:55,2
DA:56,2
DA:58,2
DA:59,2
DA:60,3
DA:63,1
DA:67,3
DA:68,1
DA:73,1
DA:74,2
DA:75,2
DA:81,1
DA:82,3
LF:27
LH:27
end_of_record
SF:lib\shared\repositories\database\infra\database_locality_repository.dart
DA:11,4
DA:14,1
DA:15,3
DA:21,1
DA:22,2
DA:28,2
DA:30,4
DA:31,2
DA:40,2
DA:42,4
DA:44,2
DA:45,2
DA:46,2
DA:47,4
DA:53,0
DA:58,1
DA:59,3
LF:17
LH:16
end_of_record
SF:lib\shared\utils\validator.dart
DA:4,6
DA:8,3
DA:10,6
DA:11,9
DA:18,3
DA:20,3
DA:21,3
DA:22,3
DA:23,0
DA:24,3
DA:25,3
DA:26,3
DA:27,0
DA:28,1
DA:29,1
DA:30,1
DA:31,0
DA:32,1
DA:33,1
DA:34,1
DA:35,0
DA:36,1
DA:37,1
DA:38,1
DA:39,0
DA:41,0
DA:45,3
DA:46,3
DA:49,3
DA:50,6
DA:51,6
DA:55,2
DA:58,1
DA:59,3
DA:61,2
DA:62,2
DA:65,0
DA:68,1
DA:69,1
DA:74,1
DA:78,2
DA:79,3
DA:80,1
DA:82,2
DA:85,2
DA:86,2
DA:88,2
DA:89,1
DA:90,0
DA:93,1
DA:97,2
DA:98,3
DA:99,1
DA:101,2
DA:104,2
DA:105,2
DA:107,2
DA:108,1
DA:109,0
DA:112,1
DA:114,3
DA:116,2
DA:117,1
DA:120,2
DA:121,1
DA:122,2
DA:123,0
DA:125,1
DA:131,1
DA:136,1
DA:138,2
DA:139,3
DA:140,1
DA:142,2
DA:145,1
DA:146,1
DA:148,1
DA:150,1
DA:151,0
DA:153,0
DA:154,0
DA:155,0
DA:157,3
DA:160,1
DA:161,1
DA:165,0
DA:169,0
DA:170,0
DA:171,0
DA:173,0
DA:176,0
DA:178,0
DA:179,0
DA:183,1
DA:184,2
DA:185,2
DA:188,0
DA:194,3
DA:195,3
DA:196,3
DA:207,3
DA:210,3
DA:215,0
DA:217,0
DA:219,0
DA:222,0
DA:225,0
DA:226,0
DA:228,0
DA:229,0
DA:231,3
DA:232,6
LF:112
LH:81
end_of_record
SF:lib\shared\repositories\database\database_interface.dart
DA:8,3
DA:10,3
DA:11,12
DA:12,3
DA:20,2
DA:21,2
DA:22,2
DA:25,8
DA:26,2
DA:28,2
DA:34,2
DA:37,8
DA:38,2
DA:40,2
DA:44,2
DA:50,2
DA:52,10
DA:57,2
DA:58,8
DA:59,2
DA:62,4
LF:21
LH:21
end_of_record
SF:lib\shared\models\patient\patient_model.dart
DA:14,1
DA:20,1
DA:22,1
DA:23,1
DA:24,1
DA:25,1
DA:26,1
DA:27,1
DA:28,1
DA:30,2
DA:31,2
DA:34,1
DA:41,1
DA:42,1
DA:43,1
DA:44,1
DA:45,1
DA:46,1
DA:47,1
DA:48,1
DA:49,1
DA:50,1
DA:51,1
DA:52,1
DA:53,1
DA:54,1
DA:59,1
DA:61,1
DA:62,1
DA:63,1
DA:64,2
DA:65,2
DA:66,1
DA:70,0
DA:71,0
DA:72,0
DA:73,0
DA:74,0
DA:76,0
DA:77,0
DA:81,0
DA:85,0
DA:86,0
DA:87,0
DA:88,0
DA:89,0
DA:90,0
DA:91,0
DA:92,0
DA:93,0
DA:94,0
DA:95,0
DA:96,0
DA:99,0
DA:101,0
DA:102,0
DA:103,0
DA:104,0
DA:105,0
DA:106,0
DA:107,0
DA:108,0
DA:109,0
DA:110,0
DA:111,0
DA:115,1
DA:118,0
DA:119,0
DA:120,0
DA:122,0
LF:70
LH:34
end_of_record
SF:lib\shared\models\patient\person_model.dart
DA:16,1
DA:26,2
DA:27,2
DA:28,2
DA:29,2
DA:30,2
DA:31,2
DA:35,1
DA:37,1
DA:38,1
DA:39,1
DA:40,1
DA:41,2
DA:42,2
DA:43,1
DA:44,1
DA:45,1
DA:49,0
DA:50,0
DA:51,0
DA:52,0
DA:53,0
DA:54,0
DA:55,0
DA:56,0
DA:57,0
DA:58,0
DA:62,0
DA:66,0
DA:67,0
DA:68,0
DA:69,0
DA:70,0
DA:71,0
DA:72,0
DA:73,0
DA:74,0
DA:77,0
DA:79,0
DA:80,0
DA:81,0
DA:82,0
DA:83,0
DA:84,0
DA:85,0
DA:86,0
DA:90,1
LF:47
LH:18
end_of_record
SF:lib\shared\models\patient\priority_group_model.dart
DA:10,1
DA:15,1
DA:17,1
DA:19,1
DA:20,1
DA:21,1
DA:22,1
DA:23,1
DA:27,0
DA:33,0
DA:34,0
DA:35,0
DA:36,0
DA:37,0
DA:41,0
DA:42,0
DA:43,0
DA:44,0
DA:45,0
DA:46,0
DA:50,0
DA:54,0
DA:55,0
DA:56,0
DA:57,0
DA:58,0
DA:61,0
DA:63,0
DA:64,0
DA:65,0
DA:66,0
LF:31
LH:8
end_of_record
SF:lib\shared\repositories\database\patient\database_patient_repository.dart
DA:11,2
DA:14,1
DA:15,3
DA:21,0
DA:22,0
DA:28,0
DA:30,0
DA:31,0
DA:40,0
DA:42,0
DA:44,0
DA:45,0
DA:46,0
DA:47,0
DA:53,0
DA:58,0
DA:59,0
LF:17
LH:3
end_of_record
