SF:lib\shared\models\infra\campaign_model.dart
DA:12,4
DA:18,4
DA:20,10
DA:21,6
DA:22,4
DA:25,4
DA:26,12
DA:27,1
DA:30,4
DA:31,4
DA:32,8
DA:33,8
DA:34,8
DA:35,8
DA:36,8
DA:41,3
DA:48,3
DA:49,2
DA:50,1
DA:51,2
DA:52,3
DA:53,3
DA:57,2
DA:59,2
DA:60,2
DA:61,2
DA:62,2
DA:63,4
DA:64,4
DA:68,2
DA:69,2
DA:70,2
DA:71,2
DA:72,2
DA:73,4
DA:74,4
DA:78,2
DA:82,2
DA:83,6
DA:84,6
DA:85,6
DA:86,6
DA:87,6
DA:90,0
DA:92,0
DA:93,0
DA:94,0
DA:95,0
DA:96,0
DA:99,0
DA:101,0
LF:51
LH:43
end_of_record
SF:lib\shared\utils\validator.dart
DA:8,40
DA:12,22
DA:15,44
DA:16,66
DA:23,23
DA:25,23
DA:26,23
DA:27,22
DA:28,1
DA:29,23
DA:30,21
DA:31,20
DA:32,1
DA:33,23
DA:34,8
DA:35,8
DA:36,0
DA:37,23
DA:38,10
DA:39,10
DA:40,0
DA:41,19
DA:42,9
DA:43,8
DA:44,1
DA:45,19
DA:46,7
DA:47,6
DA:48,1
DA:49,19
DA:50,6
DA:51,6
DA:52,0
DA:53,15
DA:54,4
DA:55,4
DA:56,0
DA:57,13
DA:58,13
DA:59,9
DA:60,8
DA:61,1
DA:62,13
DA:63,12
DA:64,12
DA:65,0
DA:67,1
DA:71,23
DA:72,23
DA:75,20
DA:76,40
DA:77,40
DA:78,40
DA:82,7
DA:85,8
DA:86,16
DA:87,16
DA:91,0
DA:94,10
DA:95,20
DA:96,20
DA:100,3
DA:103,8
DA:104,24
DA:106,16
DA:107,16
DA:110,0
DA:113,8
DA:114,8
DA:119,8
DA:123,16
DA:124,24
DA:125,8
DA:127,16
DA:130,16
DA:131,16
DA:133,16
DA:134,8
DA:135,0
DA:138,8
DA:142,16
DA:143,24
DA:144,8
DA:146,16
DA:149,16
DA:150,16
DA:152,16
DA:153,8
DA:154,0
DA:157,6
DA:158,18
DA:160,12
DA:161,2
DA:164,12
DA:165,6
DA:166,10
DA:167,5
DA:169,2
DA:175,6
DA:176,12
DA:177,12
DA:181,2
DA:187,6
DA:192,6
DA:194,12
DA:195,18
DA:196,6
DA:198,12
DA:201,6
DA:202,6
DA:204,6
DA:206,6
DA:207,0
DA:209,0
DA:210,0
DA:211,0
DA:213,18
DA:216,6
DA:217,2
DA:221,5
DA:225,10
DA:226,15
DA:227,5
DA:229,10
DA:232,5
DA:234,5
DA:235,2
DA:239,4
DA:240,8
DA:241,4
DA:242,16
DA:246,1
DA:252,8
DA:253,16
DA:254,16
DA:257,2
DA:263,12
DA:264,24
DA:265,12
DA:269,1
DA:272,22
DA:273,22
DA:274,11
DA:285,22
DA:288,24
DA:314,1
DA:317,1
DA:318,1
DA:320,1
DA:321,1
DA:323,11
DA:324,22
DA:326,0
DA:328,0
LF:154
LH:139
end_of_record
SF:lib\shared\models\infra\establishment_model.dart
DA:12,6
DA:19,6
DA:22,6
DA:23,12
DA:24,12
DA:26,24
DA:27,1
DA:29,12
DA:30,1
DA:34,3
DA:35,3
DA:36,3
DA:37,3
DA:38,3
DA:39,6
DA:43,3
DA:44,3
DA:45,3
DA:46,3
DA:47,3
DA:48,6
DA:52,0
DA:54,0
DA:57,3
DA:63,3
DA:64,2
DA:65,2
DA:66,1
DA:67,3
DA:71,3
DA:74,3
DA:75,9
DA:76,9
DA:77,9
DA:78,9
DA:81,0
DA:83,0
LF:37
LH:33
end_of_record
SF:lib\shared\models\infra\locality_model.dart
DA:12,12
DA:19,12
DA:22,12
DA:23,12
DA:24,12
DA:25,24
DA:26,24
DA:27,24
DA:28,24
DA:29,24
DA:34,4
DA:41,4
DA:42,2
DA:43,1
DA:44,4
DA:45,4
DA:46,2
DA:50,6
DA:51,6
DA:52,6
DA:53,6
DA:54,6
DA:55,6
DA:56,6
DA:60,6
DA:61,6
DA:62,6
DA:63,6
DA:64,6
DA:65,6
DA:66,6
DA:70,7
DA:74,6
DA:75,18
DA:76,18
DA:77,18
DA:78,18
DA:79,18
DA:82,0
DA:84,0
DA:85,0
DA:86,0
DA:87,0
DA:88,0
DA:91,0
DA:93,0
LF:46
LH:38
end_of_record
SF:lib\shared\models\patient\patient_model.dart
DA:14,4
DA:21,8
DA:22,8
DA:25,3
DA:32,3
DA:33,2
DA:34,1
DA:35,3
DA:36,3
DA:37,2
DA:41,2
DA:43,2
DA:44,2
DA:45,2
DA:46,4
DA:47,4
DA:48,4
DA:52,2
DA:53,2
DA:54,2
DA:55,2
DA:56,4
DA:57,2
DA:58,2
DA:59,4
DA:63,2
DA:67,2
DA:68,6
DA:69,6
DA:70,6
DA:71,6
DA:72,6
DA:75,0
DA:77,0
DA:78,0
DA:79,0
DA:80,0
DA:81,0
DA:84,0
DA:86,0
DA:90,16
DA:93,2
DA:94,2
DA:95,2
DA:97,0
LF:45
LH:36
end_of_record
SF:lib\shared\models\patient\person_model.dart
DA:16,8
DA:26,16
DA:27,16
DA:28,16
DA:29,16
DA:30,16
DA:31,16
DA:32,16
DA:36,5
DA:46,5
DA:47,2
DA:48,2
DA:49,5
DA:50,5
DA:51,5
DA:52,5
DA:53,5
DA:54,5
DA:58,4
DA:60,4
DA:61,4
DA:62,4
DA:63,4
DA:64,8
DA:65,8
DA:66,8
DA:67,4
DA:68,4
DA:72,4
DA:73,4
DA:74,4
DA:75,4
DA:76,4
DA:77,8
DA:78,8
DA:79,8
DA:80,4
DA:81,4
DA:85,4
DA:89,4
DA:90,12
DA:91,12
DA:92,12
DA:93,12
DA:94,12
DA:95,12
DA:96,12
DA:97,12
DA:100,0
DA:102,0
DA:103,0
DA:104,0
DA:105,0
DA:106,0
DA:107,0
DA:108,0
DA:109,0
DA:112,0
DA:114,0
DA:118,16
DA:121,4
DA:122,4
DA:123,4
DA:124,4
DA:125,2
DA:127,2
DA:128,2
DA:129,2
LF:68
LH:57
end_of_record
SF:lib\shared\models\patient\priority_category_model.dart
DA:13,6
DA:19,6
DA:20,6
DA:21,6
DA:22,6
DA:25,6
DA:26,6
DA:27,6
DA:28,12
DA:29,12
DA:30,12
DA:31,12
DA:36,3
DA:43,3
DA:44,2
DA:45,3
DA:46,2
DA:47,1
DA:48,2
DA:52,3
DA:54,3
DA:55,3
DA:56,6
DA:57,3
DA:58,3
DA:59,3
DA:63,3
DA:64,3
DA:65,3
DA:66,6
DA:67,3
DA:68,3
DA:69,3
DA:73,3
DA:77,3
DA:78,9
DA:79,9
DA:80,9
DA:81,9
DA:82,9
DA:85,0
DA:87,0
DA:88,0
DA:89,0
DA:90,0
DA:91,0
DA:94,0
DA:96,0
LF:48
LH:40
end_of_record
SF:lib\shared\models\patient\priority_group_model.dart
DA:11,8
DA:16,8
DA:17,14
DA:18,8
DA:19,8
DA:22,8
DA:23,8
DA:24,8
DA:25,16
DA:26,16
DA:27,16
DA:28,16
DA:33,4
DA:35,4
DA:36,4
DA:37,4
DA:38,4
DA:39,4
DA:43,3
DA:49,3
DA:50,2
DA:51,2
DA:52,1
DA:53,2
DA:57,4
DA:58,4
DA:59,4
DA:60,4
DA:61,4
DA:62,4
DA:66,5
DA:70,4
DA:71,12
DA:72,12
DA:73,12
DA:74,12
DA:77,0
DA:79,0
DA:82,0
DA:84,0
LF:40
LH:36
end_of_record
SF:lib\shared\models\vaccination\application_model.dart
DA:19,2
DA:28,0
DA:29,2
DA:31,2
DA:32,4
DA:33,4
DA:34,4
DA:35,4
DA:39,2
DA:49,2
DA:50,2
DA:51,2
DA:52,2
DA:53,2
DA:54,2
DA:55,2
DA:56,2
DA:57,1
DA:61,1
DA:62,1
DA:63,1
DA:64,2
DA:65,2
DA:66,2
DA:67,2
DA:68,2
DA:69,2
DA:70,2
DA:74,1
DA:75,1
DA:76,1
DA:77,2
DA:78,2
DA:79,2
DA:80,2
DA:81,2
DA:82,1
DA:83,1
DA:85,2
DA:89,0
DA:91,0
DA:94,1
DA:98,1
DA:99,3
DA:100,3
DA:101,3
DA:102,3
DA:103,3
DA:104,3
DA:105,3
DA:106,3
DA:109,0
DA:111,0
DA:112,0
DA:113,0
DA:114,0
DA:115,0
DA:116,0
DA:117,0
DA:118,0
DA:122,8
DA:125,1
DA:126,1
DA:127,1
DA:129,1
DA:131,0
DA:133,0
DA:136,0
LF:68
LH:53
end_of_record
SF:lib\shared\models\vaccination\applier_model.dart
DA:13,4
DA:19,8
DA:20,8
DA:21,8
DA:25,3
DA:31,3
DA:32,2
DA:33,1
DA:34,2
DA:35,3
DA:39,2
DA:40,2
DA:41,2
DA:42,2
DA:43,4
DA:44,4
DA:48,2
DA:49,2
DA:50,2
DA:51,2
DA:52,4
DA:53,4
DA:57,2
DA:61,2
DA:62,6
DA:63,6
DA:64,6
DA:65,6
DA:68,0
DA:70,0
DA:71,0
DA:72,0
DA:73,0
DA:76,0
DA:78,0
LF:35
LH:28
end_of_record
SF:lib\shared\models\vaccination\vaccine_batch_model.dart
DA:10,6
DA:14,6
DA:15,6
DA:18,6
DA:19,12
DA:20,1
DA:23,12
DA:24,12
DA:25,12
DA:29,3
DA:34,3
DA:35,2
DA:36,2
DA:37,2
DA:41,3
DA:42,3
DA:43,3
DA:44,3
DA:45,3
DA:49,3
DA:50,3
DA:51,3
DA:52,3
DA:53,6
DA:57,0
DA:59,0
DA:61,3
DA:65,3
DA:66,9
DA:67,9
DA:68,9
DA:71,0
DA:72,0
LF:33
LH:29
end_of_record
SF:lib\shared\models\vaccination\vaccine_model.dart
DA:13,4
DA:19,4
DA:20,4
DA:21,4
DA:22,4
DA:25,4
DA:26,8
DA:27,8
DA:28,8
DA:29,8
DA:30,8
DA:34,3
DA:41,3
DA:42,2
DA:43,2
DA:44,1
DA:45,3
DA:46,2
DA:50,2
DA:51,2
DA:52,2
DA:53,2
DA:54,2
DA:55,2
DA:56,4
DA:60,2
DA:61,2
DA:62,2
DA:63,2
DA:64,2
DA:65,2
DA:66,4
DA:70,0
DA:72,0
DA:75,2
DA:79,2
DA:80,6
DA:81,6
DA:82,6
DA:83,6
DA:84,6
DA:87,0
DA:89,0
DA:90,0
DA:91,0
DA:92,0
DA:93,0
LF:47
LH:39
end_of_record
SF:lib\shared\repositories\database\database_manager.dart
DA:10,0
DA:11,0
DA:14,0
DA:17,0
DA:18,0
DA:21,0
DA:22,0
DA:23,0
DA:27,0
DA:28,0
DA:29,0
DA:31,0
DA:35,0
DA:38,0
DA:40,0
DA:43,0
DA:44,0
DA:45,0
DA:46,0
DA:48,0
DA:49,0
DA:50,0
DA:54,0
DA:57,0
DA:63,0
LF:25
LH:0
end_of_record
SF:lib\shared\repositories\database\infra\database_campaign_repository.dart
DA:10,1
DA:11,1
DA:14,1
DA:15,3
DA:21,1
DA:22,2
DA:28,1
DA:30,2
DA:31,1
DA:40,1
DA:42,2
DA:44,1
DA:45,1
DA:46,1
DA:47,2
DA:58,1
DA:59,3
LF:17
LH:17
end_of_record
SF:lib\shared\repositories\database\database_interface.dart
DA:8,11
DA:9,0
DA:15,11
DA:16,44
DA:17,11
DA:25,11
DA:26,11
DA:27,1
DA:30,44
DA:31,11
DA:33,11
DA:39,11
DA:42,44
DA:43,11
DA:45,11
DA:49,11
DA:55,11
DA:57,55
DA:58,11
DA:59,33
DA:64,0
DA:69,11
DA:70,44
DA:71,11
DA:74,22
LF:25
LH:23
end_of_record
SF:lib\shared\repositories\database\infra\database_establishment_repository.dart
DA:13,1
DA:16,1
DA:19,1
DA:20,3
DA:26,1
DA:27,2
DA:33,1
DA:35,2
DA:37,3
DA:39,2
DA:41,1
DA:49,1
DA:50,3
DA:56,1
DA:58,2
DA:59,2
DA:61,2
DA:62,2
DA:63,3
DA:66,2
DA:70,3
DA:71,1
DA:79,1
DA:80,3
DA:86,1
DA:87,3
LF:26
LH:26
end_of_record
SF:lib\shared\repositories\database\infra\database_locality_repository.dart
DA:10,1
DA:11,1
DA:14,1
DA:15,3
DA:21,1
DA:22,2
DA:28,1
DA:30,2
DA:31,1
DA:40,1
DA:42,2
DA:44,1
DA:45,1
DA:46,1
DA:47,2
DA:58,1
DA:59,3
LF:17
LH:17
end_of_record
SF:lib\shared\repositories\database\patient\database_patient_repository.dart
DA:16,1
DA:20,1
DA:23,1
DA:24,3
DA:30,1
DA:31,2
DA:37,1
DA:39,2
DA:41,3
DA:42,2
DA:43,1
DA:46,2
DA:47,2
DA:49,1
DA:57,1
DA:58,3
DA:63,1
DA:64,3
DA:70,1
DA:72,2
DA:73,2
DA:74,2
DA:76,2
DA:77,2
DA:78,3
DA:80,2
DA:81,3
DA:84,2
DA:85,2
DA:89,1
DA:90,2
DA:92,1
DA:100,1
DA:101,3
DA:106,1
DA:107,3
DA:113,1
DA:114,3
LF:38
LH:38
end_of_record
SF:lib\shared\repositories\database\patient\database_person_repository.dart
DA:13,1
DA:16,1
DA:19,1
DA:20,3
DA:26,1
DA:27,2
DA:33,1
DA:35,2
DA:37,3
DA:39,2
DA:41,1
DA:49,1
DA:50,3
DA:56,1
DA:58,2
DA:59,2
DA:61,2
DA:62,2
DA:63,3
DA:66,2
DA:69,2
DA:70,1
DA:71,1
DA:79,1
DA:80,3
DA:86,1
DA:87,3
LF:27
LH:27
end_of_record
SF:lib\shared\repositories\database\patient\database_priority_category_repository.dart
DA:13,1
DA:16,1
DA:19,1
DA:20,3
DA:26,1
DA:27,2
DA:33,1
DA:35,2
DA:37,2
DA:38,1
DA:41,2
DA:43,1
DA:51,1
DA:52,3
DA:58,1
DA:60,2
DA:61,2
DA:63,2
DA:64,2
DA:65,3
DA:68,2
DA:72,3
DA:73,1
DA:81,1
DA:82,3
DA:88,1
DA:89,3
LF:27
LH:27
end_of_record
SF:lib\shared\repositories\database\patient\database_priority_group_repository.dart
DA:10,1
DA:11,1
DA:14,1
DA:15,3
DA:21,1
DA:22,2
DA:28,1
DA:30,2
DA:31,1
DA:40,1
DA:42,2
DA:44,1
DA:45,1
DA:46,1
DA:47,2
DA:58,1
DA:59,3
LF:17
LH:17
end_of_record
SF:lib\shared\repositories\database\vaccination\database_application_repository.dart
DA:22,1
DA:28,1
DA:31,1
DA:32,3
DA:38,1
DA:39,2
DA:45,1
DA:47,2
DA:49,3
DA:50,3
DA:51,3
DA:52,3
DA:54,2
DA:55,2
DA:56,2
DA:57,2
DA:59,1
DA:67,1
DA:68,3
DA:73,1
DA:74,3
DA:79,1
DA:80,3
DA:85,1
DA:86,3
DA:92,1
DA:94,2
DA:95,2
DA:96,2
DA:97,2
DA:98,2
DA:100,2
DA:101,2
DA:102,3
DA:105,2
DA:106,3
DA:109,2
DA:110,3
DA:113,2
DA:114,3
DA:117,2
DA:118,2
DA:119,2
DA:120,2
DA:123,2
DA:124,1
DA:125,1
DA:133,1
DA:134,3
DA:139,1
DA:140,3
DA:145,1
DA:146,3
DA:151,1
DA:152,3
DA:158,1
DA:159,3
LF:57
LH:57
end_of_record
SF:lib\shared\repositories\database\vaccination\database_applier_repository.dart
DA:16,1
DA:20,1
DA:23,1
DA:24,3
DA:30,1
DA:31,2
DA:37,1
DA:39,2
DA:41,3
DA:42,2
DA:43,1
DA:46,2
DA:47,2
DA:49,1
DA:57,1
DA:58,3
DA:63,1
DA:64,3
DA:70,1
DA:72,2
DA:73,2
DA:74,2
DA:76,2
DA:77,2
DA:78,3
DA:81,2
DA:82,3
DA:85,2
DA:86,2
DA:89,2
DA:90,1
DA:91,1
DA:99,1
DA:100,3
DA:105,1
DA:106,3
DA:112,1
DA:113,3
LF:38
LH:38
end_of_record
SF:lib\shared\repositories\database\vaccination\database_vaccine_repository.dart
DA:13,1
DA:16,1
DA:19,1
DA:20,3
DA:26,1
DA:27,2
DA:33,1
DA:35,2
DA:37,3
DA:39,2
DA:41,1
DA:49,1
DA:50,3
DA:56,1
DA:58,2
DA:59,2
DA:61,2
DA:62,2
DA:63,3
DA:66,2
DA:69,2
DA:70,1
DA:71,1
DA:79,1
DA:80,3
DA:86,1
DA:87,3
LF:27
LH:27
end_of_record
SF:lib\shared\repositories\database\vaccination\database_vaccine_batch_repository.dart
DA:10,1
DA:11,1
DA:14,1
DA:15,3
DA:21,1
DA:22,2
DA:28,1
DA:30,2
DA:31,1
DA:40,1
DA:42,2
DA:44,1
DA:45,1
DA:46,1
DA:47,2
DA:58,1
DA:59,3
LF:17
LH:17
end_of_record
